<?xml version="1.0" encoding="UTF-8"?>
<testsuite name="com.thoughtworks.rectangle.RectangleTest" tests="2" skipped="0" failures="0" errors="0" timestamp="2023-10-24T12:54:07" hostname="gurushifu-gurushifugitp-mel2jy9st9g" time="0.016">
  <properties/>
  <testcase name="shouldAreaOfTheRectangleIsTenWhenLengthIsTwoAndBreadthIsFive()" classname="com.thoughtworks.rectangle.RectangleTest" time="0.014"/>
  <testcase name="shouldAreaOfTheRectangleIsZeroWhenAnyValueIsZero()" classname="com.thoughtworks.rectangle.RectangleTest" time="0.001"/>
  <system-out><![CDATA[]]></system-out>
  <system-err><![CDATA[]]></system-err>
</testsuite>
