<?xml version="1.0" encoding="UTF-8"?>
<testsuite name="com.thoughtworks.rectangle.RectangleTest" tests="2" skipped="0" failures="0" errors="0" timestamp="2023-10-24T08:17:32" hostname="gurushifu-gurushifugitp-mel2jy9st9g" time="0.021">
  <properties/>
  <testcase name="testAreaOfTheRectangleIsZero()" classname="com.thoughtworks.rectangle.RectangleTest" time="0.016"/>
  <testcase name="testAreaOfTheRectangleIsTen()" classname="com.thoughtworks.rectangle.RectangleTest" time="0.002"/>
  <system-out><![CDATA[]]></system-out>
  <system-err><![CDATA[]]></system-err>
</testsuite>
