<?xml version="1.0" encoding="UTF-8"?>
<testsuite name="com.thoughtworks.rectangle.RectangleTest" tests="3" skipped="0" failures="0" errors="0" timestamp="2023-10-25T02:30:46" hostname="gurushifu-gurushifugitp-mel2jy9st9g" time="0.046">
  <properties/>
  <testcase name="shouldReturnAreaOf10WhenLengthIs2AndBreadthIs5()" classname="com.thoughtworks.rectangle.RectangleTest" time="0.014"/>
  <testcase name="shouldReturnPerimeterOf14WhenLengthIs2AndBreadthIs5()" classname="com.thoughtworks.rectangle.RectangleTest" time="0.002"/>
  <testcase name="shouldReturnAreaOf0WhenLengthOrBreadthIs0()" classname="com.thoughtworks.rectangle.RectangleTest" time="0.001"/>
  <system-out><![CDATA[]]></system-out>
  <system-err><![CDATA[]]></system-err>
</testsuite>
